2026-01-21 17:06:10 INFO  com.crud.Tf6JApplication - Starting Tf6JApplication using Java 17.0.15 with PID 29360 (C:\Users\MAURICIO\OneDrive\Documentos\Trabajos Java\TF6new\target\classes started by MAURICIO in C:\Users\MAURICIO\OneDrive\Documentos\Trabajos Java\TF6new)
2026-01-21 17:06:10 INFO  com.crud.Tf6JApplication - No active profile set, falling back to 1 default profile: "default"
2026-01-21 17:06:10 INFO  o.s.b.d.e.DevToolsPropertyDefaultsPostProcessor - Devtools property defaults active! Set 'spring.devtools.add-properties' to 'false' to disable
2026-01-21 17:06:10 INFO  o.s.b.d.e.DevToolsPropertyDefaultsPostProcessor - For additional web related logging consider setting the 'logging.level.web' property to 'DEBUG'
2026-01-21 17:06:10 INFO  o.s.d.r.c.RepositoryConfigurationDelegate - Bootstrapping Spring Data JPA repositories in DEFAULT mode.
2026-01-21 17:06:11 INFO  o.s.d.r.c.RepositoryConfigurationDelegate - Finished Spring Data repository scanning in 60 ms. Found 7 JPA repository interfaces.
2026-01-21 17:06:11 INFO  o.s.b.w.e.tomcat.TomcatWebServer - Tomcat initialized with port 8080 (http)
2026-01-21 17:06:11 INFO  o.a.coyote.http11.Http11NioProtocol - Initializing ProtocolHandler ["http-nio-8080"]
2026-01-21 17:06:11 INFO  o.a.catalina.core.StandardService - Starting service [Tomcat]
2026-01-21 17:06:11 INFO  o.a.catalina.core.StandardEngine - Starting Servlet engine: [Apache Tomcat/10.1.26]
2026-01-21 17:06:11 INFO  o.a.c.c.C.[Tomcat].[localhost].[/] - Initializing Spring embedded WebApplicationContext
2026-01-21 17:06:11 INFO  o.s.b.w.s.c.ServletWebServerApplicationContext - Root WebApplicationContext: initialization completed in 1510 ms
2026-01-21 17:06:11 INFO  o.h.jpa.internal.util.LogHelper - HHH000204: Processing PersistenceUnitInfo [name: default]
2026-01-21 17:06:11 INFO  org.hibernate.Version - HHH000412: Hibernate ORM core version 6.5.2.Final
2026-01-21 17:06:11 INFO  o.h.c.i.RegionFactoryInitiator - HHH000026: Second-level cache disabled
2026-01-21 17:06:12 INFO  o.s.o.j.p.SpringPersistenceUnitInfo - No LoadTimeWeaver setup: ignoring JPA class transformer
2026-01-21 17:06:12 INFO  com.zaxxer.hikari.HikariDataSource - HikariPool-1 - Starting...
2026-01-21 17:06:12 INFO  com.zaxxer.hikari.pool.HikariPool - HikariPool-1 - Added connection org.postgresql.jdbc.PgConnection@535f5f40
2026-01-21 17:06:12 INFO  com.zaxxer.hikari.HikariDataSource - HikariPool-1 - Start completed.
2026-01-21 17:06:13 WARN  org.hibernate.orm.deprecation - HHH90000025: PostgreSQLDialect does not need to be specified explicitly using 'hibernate.dialect' (remove the property setting and it will be selected by default)
2026-01-21 17:06:14 INFO  o.h.e.t.j.p.i.JtaPlatformInitiator - HHH000489: No JTA platform available (set 'hibernate.transaction.jta.platform' to enable JTA platform integration)
2026-01-21 17:06:14 WARN  o.h.e.jdbc.spi.SqlExceptionHelper - SQL Warning Code: 0, SQLState: 00000
2026-01-21 17:06:14 WARN  o.h.e.jdbc.spi.SqlExceptionHelper - no existe la relación «asesor», omitiendo
2026-01-21 17:06:14 WARN  o.h.e.jdbc.spi.SqlExceptionHelper - SQL Warning Code: 0, SQLState: 00000
2026-01-21 17:06:14 WARN  o.h.e.jdbc.spi.SqlExceptionHelper - no existe la relación «leccion», omitiendo
2026-01-21 17:06:14 WARN  o.h.e.jdbc.spi.SqlExceptionHelper - SQL Warning Code: 0, SQLState: 00000
2026-01-21 17:06:14 WARN  o.h.e.jdbc.spi.SqlExceptionHelper - no existe la relación «progreso_curso_usuario», omitiendo
2026-01-21 17:06:14 WARN  o.h.e.jdbc.spi.SqlExceptionHelper - SQL Warning Code: 0, SQLState: 00000
2026-01-21 17:06:14 WARN  o.h.e.jdbc.spi.SqlExceptionHelper - no existe la relación «progreso_curso_usuario», omitiendo
2026-01-21 17:06:14 WARN  o.h.e.jdbc.spi.SqlExceptionHelper - SQL Warning Code: 0, SQLState: 00000
2026-01-21 17:06:14 WARN  o.h.e.jdbc.spi.SqlExceptionHelper - no existe la relación «ranking», omitiendo
2026-01-21 17:06:14 WARN  o.h.e.jdbc.spi.SqlExceptionHelper - SQL Warning Code: 0, SQLState: 00000
2026-01-21 17:06:14 WARN  o.h.e.jdbc.spi.SqlExceptionHelper - no existe la relación «user_roles», omitiendo
2026-01-21 17:06:14 WARN  o.h.e.jdbc.spi.SqlExceptionHelper - SQL Warning Code: 0, SQLState: 00000
2026-01-21 17:06:14 WARN  o.h.e.jdbc.spi.SqlExceptionHelper - no existe la relación «user_roles», omitiendo
2026-01-21 17:06:14 WARN  o.h.e.jdbc.spi.SqlExceptionHelper - SQL Warning Code: 0, SQLState: 00000
2026-01-21 17:06:14 WARN  o.h.e.jdbc.spi.SqlExceptionHelper - la tabla «asesor» no existe, omitiendo
2026-01-21 17:06:14 WARN  o.h.e.jdbc.spi.SqlExceptionHelper - SQL Warning Code: 0, SQLState: 00000
2026-01-21 17:06:14 WARN  o.h.e.jdbc.spi.SqlExceptionHelper - la tabla «curso» no existe, omitiendo
2026-01-21 17:06:14 WARN  o.h.e.jdbc.spi.SqlExceptionHelper - SQL Warning Code: 0, SQLState: 00000
2026-01-21 17:06:14 WARN  o.h.e.jdbc.spi.SqlExceptionHelper - la tabla «leccion» no existe, omitiendo
2026-01-21 17:06:14 WARN  o.h.e.jdbc.spi.SqlExceptionHelper - SQL Warning Code: 0, SQLState: 00000
2026-01-21 17:06:14 WARN  o.h.e.jdbc.spi.SqlExceptionHelper - la tabla «progreso_curso_usuario» no existe, omitiendo
2026-01-21 17:06:14 WARN  o.h.e.jdbc.spi.SqlExceptionHelper - SQL Warning Code: 0, SQLState: 00000
2026-01-21 17:06:14 WARN  o.h.e.jdbc.spi.SqlExceptionHelper - la tabla «ranking» no existe, omitiendo
2026-01-21 17:06:14 WARN  o.h.e.jdbc.spi.SqlExceptionHelper - SQL Warning Code: 0, SQLState: 00000
2026-01-21 17:06:14 WARN  o.h.e.jdbc.spi.SqlExceptionHelper - la tabla «roles» no existe, omitiendo
2026-01-21 17:06:14 WARN  o.h.e.jdbc.spi.SqlExceptionHelper - SQL Warning Code: 0, SQLState: 00000
2026-01-21 17:06:14 WARN  o.h.e.jdbc.spi.SqlExceptionHelper - la tabla «user_roles» no existe, omitiendo
2026-01-21 17:06:14 WARN  o.h.e.jdbc.spi.SqlExceptionHelper - SQL Warning Code: 0, SQLState: 00000
2026-01-21 17:06:14 WARN  o.h.e.jdbc.spi.SqlExceptionHelper - la tabla «users» no existe, omitiendo
2026-01-21 17:06:14 INFO  o.s.o.j.LocalContainerEntityManagerFactoryBean - Initialized JPA EntityManagerFactory for persistence unit 'default'
2026-01-21 17:06:14 INFO  o.s.d.j.r.query.QueryEnhancerFactory - Hibernate is in classpath; If applicable, HQL parser will be used.
2026-01-21 17:06:15 INFO  o.s.s.c.a.a.c.InitializeUserDetailsBeanManagerConfigurer$InitializeUserDetailsManagerConfigurer - Global AuthenticationManager configured with UserDetailsService bean with name customUserDetailsService
2026-01-21 17:06:15 WARN  o.s.b.a.o.j.JpaBaseConfiguration$JpaWebConfiguration - spring.jpa.open-in-view is enabled by default. Therefore, database queries may be performed during view rendering. Explicitly configure spring.jpa.open-in-view to disable this warning
2026-01-21 17:06:15 DEBUG o.s.s.web.DefaultSecurityFilterChain - Will secure any request with filters: DisableEncodeUrlFilter, WebAsyncManagerIntegrationFilter, SecurityContextHolderFilter, HeaderWriterFilter, CorsFilter, LogoutFilter, JwtRequestFilter, RequestCacheAwareFilter, SecurityContextHolderAwareRequestFilter, AnonymousAuthenticationFilter, SessionManagementFilter, ExceptionTranslationFilter, AuthorizationFilter
2026-01-21 17:06:15 INFO  o.s.b.d.a.OptionalLiveReloadServer - LiveReload server is running on port 35729
2026-01-21 17:06:15 INFO  o.a.coyote.http11.Http11NioProtocol - Starting ProtocolHandler ["http-nio-8080"]
2026-01-21 17:06:15 INFO  o.s.b.w.e.tomcat.TomcatWebServer - Tomcat started on port 8080 (http) with context path '/'
2026-01-21 17:06:15 INFO  com.crud.Tf6JApplication - Started Tf6JApplication in 6.258 seconds (process running for 7.053)
2026-01-21 17:14:09 INFO  o.s.o.j.LocalContainerEntityManagerFactoryBean - Closing JPA EntityManagerFactory for persistence unit 'default'
2026-01-21 17:14:09 INFO  com.zaxxer.hikari.HikariDataSource - HikariPool-1 - Shutdown initiated...
2026-01-21 17:14:09 INFO  com.zaxxer.hikari.HikariDataSource - HikariPool-1 - Shutdown completed.
